<?xml version="1.0" encoding="UTF-8"?>
<!-- Generated by org.testng.reporters.JUnitReportReporter -->
<testsuite hostname="DESKTOP-CHAEDL9" failures="0" tests="1" name="testClasses.TestKiteApp1" time="0.283" errors="0" timestamp="2022-01-01T13:41:13 IST" skipped="0">
  <testcase classname="testClasses.TestKiteApp1" name="validationOfErrorMsg" time="0.283"/>
  <system-out>
    <![CDATA[Test Case is passed]]>
  </system-out>
</testsuite> <!-- testClasses.TestKiteApp1 -->
