<?xml version="1.0" encoding="UTF-8"?>
<!-- Generated by org.testng.reporters.JUnitReportReporter -->
<testsuite hostname="DESKTOP-CHAEDL9" failures="0" tests="1" name="testClasses.TestKiteApp" time="14.351" errors="0" timestamp="2022-01-01T23:09:25 IST" skipped="0">
  <testcase classname="testClasses.TestKiteApp" name="validationOfUserID" time="14.351"/>
  <system-out>
    <![CDATA[Test Case is passed]]>
  </system-out>
</testsuite> <!-- testClasses.TestKiteApp -->
